Using pre-set license
Built from '2022.3/staging' branch; Version is '2022.3.3f1 (7cdc2969a641) revision 8182825'; Using compiler version '192829333'; Build Type 'Release'
OS: 'Windows 11  (10.0.22621) 64bit Core' Language: 'ja' Physical Memory: 65294 MB
BatchMode: 1, IsHumanControllingUs: 0, StartBugReporterOnCrash: 0, Is64bit: 1, IsPro: 1

COMMAND LINE ARGUMENTS:
C:\Program Files\Unity\Hub\Editor\2022.3.3f1\Editor\Unity.exe
-adb2
-batchMode
-noUpm
-name
AssetImportWorker0
-projectPath
C:/BackUP/Vtuber配信ソフト計画_files/配信用アプリ保存/Liver Application 1
-logFile
Logs/AssetImportWorker0.log
-srvPort
55369
Successfully changed project path to: C:/BackUP/Vtuber配信ソフト計画_files/配信用アプリ保存/Liver Application 1
C:/BackUP/Vtuber配信ソフト計画_files/配信用アプリ保存/Liver Application 1
[UnityMemory] Configuration Parameters - Can be set up in boot.config
    "memorysetup-bucket-allocator-granularity=16"
    "memorysetup-bucket-allocator-bucket-count=8"
    "memorysetup-bucket-allocator-block-size=33554432"
    "memorysetup-bucket-allocator-block-count=8"
    "memorysetup-main-allocator-block-size=16777216"
    "memorysetup-thread-allocator-block-size=16777216"
    "memorysetup-gfx-main-allocator-block-size=16777216"
    "memorysetup-gfx-thread-allocator-block-size=16777216"
    "memorysetup-cache-allocator-block-size=4194304"
    "memorysetup-typetree-allocator-block-size=2097152"
    "memorysetup-profiler-bucket-allocator-granularity=16"
    "memorysetup-profiler-bucket-allocator-bucket-count=8"
    "memorysetup-profiler-bucket-allocator-block-size=33554432"
    "memorysetup-profiler-bucket-allocator-block-count=8"
    "memorysetup-profiler-allocator-block-size=16777216"
    "memorysetup-profiler-editor-allocator-block-size=1048576"
    "memorysetup-temp-allocator-size-main=16777216"
    "memorysetup-job-temp-allocator-block-size=2097152"
    "memorysetup-job-temp-allocator-block-size-background=1048576"
    "memorysetup-job-temp-allocator-reduction-small-platforms=262144"
    "memorysetup-allocator-temp-initial-block-size-main=262144"
    "memorysetup-allocator-temp-initial-block-size-worker=262144"
    "memorysetup-temp-allocator-size-background-worker=32768"
    "memorysetup-temp-allocator-size-job-worker=262144"
    "memorysetup-temp-allocator-size-preload-manager=33554432"
    "memorysetup-temp-allocator-size-nav-mesh-worker=65536"
    "memorysetup-temp-allocator-size-audio-worker=65536"
    "memorysetup-temp-allocator-size-cloud-worker=32768"
    "memorysetup-temp-allocator-size-gi-baking-worker=262144"
    "memorysetup-temp-allocator-size-gfx=262144"
Player connection [24512] Host "[IP] 172.18.192.1 [Port] 0 [Flags] 2 [Guid] 3750412148 [EditorId] 3750412148 [Version] 1048832 [Id] WindowsEditor(7,DesktopKohei) [Debug] 1 [PackageName] WindowsEditor [ProjectName] Editor" joined multi-casting on [225.0.0.222:54997]...

Player connection [24512] Host "[IP] 172.18.192.1 [Port] 0 [Flags] 2 [Guid] 3750412148 [EditorId] 3750412148 [Version] 1048832 [Id] WindowsEditor(7,DesktopKohei) [Debug] 1 [PackageName] WindowsEditor [ProjectName] Editor" joined alternative multi-casting on [225.0.0.222:34997]...

Refreshing native plugins compatible for Editor in 4.62 ms, found 3 plugins.
Preloading 0 native plugins for Editor in 0.00 ms.
Initialize engine version: 2022.3.3f1 (7cdc2969a641)
[Subsystems] Discovering subsystems at path C:/Program Files/Unity/Hub/Editor/2022.3.3f1/Editor/Data/Resources/UnitySubsystems
[Subsystems] Discovering subsystems at path C:/BackUP/Vtuber配信ソフト計画_files/配信用アプリ保存/Liver Application 1/Assets
GfxDevice: creating device client; threaded=0; jobified=0
Direct3D:
    Version:  Direct3D 11.0 [level 11.1]
    Renderer: NVIDIA GeForce RTX 2060 (ID=0x1f03)
    Vendor:   NVIDIA
    VRAM:     12075 MB
    Driver:   31.0.15.3640
Initialize mono
Mono path[0] = 'C:/Program Files/Unity/Hub/Editor/2022.3.3f1/Editor/Data/Managed'
Mono path[1] = 'C:/Program Files/Unity/Hub/Editor/2022.3.3f1/Editor/Data/MonoBleedingEdge/lib/mono/unityjit-win32'
Mono config path = 'C:/Program Files/Unity/Hub/Editor/2022.3.3f1/Editor/Data/MonoBleedingEdge/etc'
Using monoOptions --debugger-agent=transport=dt_socket,embedding=1,server=y,suspend=n,address=127.0.0.1:56772
Begin MonoManager ReloadAssembly
Registering precompiled unity dll's ...
Register platform support module: C:/Program Files/Unity/Hub/Editor/2022.3.3f1/Editor/Data/PlaybackEngines/WebGLSupport/UnityEditor.WebGL.Extensions.dll
Register platform support module: C:/Program Files/Unity/Hub/Editor/2022.3.3f1/Editor/Data/PlaybackEngines/AndroidPlayer/UnityEditor.Android.Extensions.dll
Register platform support module: C:/Program Files/Unity/Hub/Editor/2022.3.3f1/Editor/Data/PlaybackEngines/iOSSupport/UnityEditor.iOS.Extensions.dll
Register platform support module: C:/Program Files/Unity/Hub/Editor/2022.3.3f1/Editor/Data/PlaybackEngines/WindowsStandaloneSupport/UnityEditor.WindowsStandalone.Extensions.dll
Registered in 0.007020 seconds.
- Loaded All Assemblies, in  0.358 seconds
Native extension for WindowsStandalone target not found
[usbmuxd] Start listen thread
[usbmuxd] Listen thread started
Native extension for iOS target not found
Native extension for Android target not found
Android Extension - Scanning For ADB Devices 214 ms
Native extension for WebGL target not found
Mono: successfully reloaded assembly
- Finished resetting the current domain, in  0.494 seconds
Domain Reload Profiling: 852ms
	BeginReloadAssembly (109ms)
		ExecutionOrderSort (0ms)
		DisableScriptedObjects (0ms)
		BackupInstance (0ms)
		ReleaseScriptingObjects (0ms)
		CreateAndSetChildDomain (1ms)
	RebuildCommonClasses (31ms)
	RebuildNativeTypeToScriptingClass (8ms)
	initialDomainReloadingComplete (47ms)
	LoadAllAssembliesAndSetupDomain (162ms)
		LoadAssemblies (109ms)
		RebuildTransferFunctionScriptingTraits (0ms)
		AnalyzeDomain (156ms)
			TypeCache.Refresh (156ms)
				TypeCache.ScanAssembly (142ms)
			ScanForSourceGeneratedMonoScriptInfo (0ms)
			ResolveRequiredComponents (0ms)
	FinalizeReload (495ms)
		ReleaseScriptCaches (0ms)
		RebuildScriptCaches (0ms)
		SetupLoadedEditorAssemblies (446ms)
			LogAssemblyErrors (0ms)
			InitializePlatformSupportModulesInManaged (324ms)
			SetLoadedEditorAssemblies (3ms)
			RefreshPlugins (0ms)
			BeforeProcessingInitializeOnLoad (2ms)
			ProcessInitializeOnLoadAttributes (80ms)
			ProcessInitializeOnLoadMethodAttributes (38ms)
			AfterProcessingInitializeOnLoad (0ms)
			EditorAssembliesLoaded (0ms)
		ExecutionOrderSort2 (0ms)
		AwakeInstancesAfterBackupRestoration (0ms)
========================================================================
Worker process is ready to serve import requests
Begin MonoManager ReloadAssembly
Symbol file LoadedFromMemory doesn't match image C:\BackUP\Vtuber配信ソフト計画_files\配信用アプリ保存\Liver Application 1\Library\PackageCache\com.unity.visualscripting@1.8.0\Editor\VisualScripting.Core\Dependencies\YamlDotNet\Unity.VisualScripting.YamlDotNet.dll
Symbol file LoadedFromMemory doesn't match image C:\BackUP\Vtuber配信ソフト計画_files\配信用アプリ保存\Liver Application 1\Library\PackageCache\com.unity.visualscripting@1.8.0\Editor\VisualScripting.Core\Dependencies\DotNetZip\Unity.VisualScripting.IonicZip.dll
- Loaded All Assemblies, in  0.661 seconds
Refreshing native plugins compatible for Editor in 2.20 ms, found 3 plugins.
Native extension for WindowsStandalone target not found
Native extension for iOS target not found
Native extension for Android target not found
Native extension for WebGL target not found
Mono: successfully reloaded assembly
- Finished resetting the current domain, in  0.419 seconds
Domain Reload Profiling: 1078ms
	BeginReloadAssembly (96ms)
		ExecutionOrderSort (0ms)
		DisableScriptedObjects (4ms)
		BackupInstance (0ms)
		ReleaseScriptingObjects (0ms)
		CreateAndSetChildDomain (17ms)
	RebuildCommonClasses (21ms)
	RebuildNativeTypeToScriptingClass (7ms)
	initialDomainReloadingComplete (30ms)
	LoadAllAssembliesAndSetupDomain (505ms)
		LoadAssemblies (214ms)
		RebuildTransferFunctionScriptingTraits (0ms)
		AnalyzeDomain (332ms)
			TypeCache.Refresh (314ms)
				TypeCache.ScanAssembly (299ms)
			ScanForSourceGeneratedMonoScriptInfo (16ms)
			ResolveRequiredComponents (3ms)
	FinalizeReload (419ms)
		ReleaseScriptCaches (0ms)
		RebuildScriptCaches (0ms)
		SetupLoadedEditorAssemblies (289ms)
			LogAssemblyErrors (0ms)
			InitializePlatformSupportModulesInManaged (28ms)
			SetLoadedEditorAssemblies (3ms)
			RefreshPlugins (0ms)
			BeforeProcessingInitializeOnLoad (45ms)
			ProcessInitializeOnLoadAttributes (193ms)
			ProcessInitializeOnLoadMethodAttributes (17ms)
			AfterProcessingInitializeOnLoad (4ms)
			EditorAssembliesLoaded (0ms)
		ExecutionOrderSort2 (0ms)
		AwakeInstancesAfterBackupRestoration (6ms)
Launched and connected shader compiler UnityShaderCompiler.exe after 0.05 seconds
Refreshing native plugins compatible for Editor in 1.91 ms, found 3 plugins.
Preloading 0 native plugins for Editor in 0.00 ms.
Unloading 3067 Unused Serialized files (Serialized files now loaded: 0)
Unloading 31 unused Assets / (56.2 KB). Loaded Objects now: 3534.
Memory consumption went from 126.4 MB to 126.3 MB.
Total: 2.626400 ms (FindLiveObjects: 0.183900 ms CreateObjectMapping: 0.099500 ms MarkObjects: 2.253600 ms  DeleteObjects: 0.088600 ms)

AssetImportParameters requested are different than current active one (requested -> active):
  custom:container-demuxer-ogg: 62fdf1f143b41e24485cea50d1cbac27 -> 
  custom:video-decoder-ogg-theora: a1e56fd34408186e4bbccfd4996cb3dc -> 
  custom:framework-win-MediaFoundation: 216162199b28c13a410421893ffa2e32 -> 
  custom:container-demuxer-webm: 4f35f7cbe854078d1ac9338744f61a02 -> 
  custom:container-muxer-webm: aa71ff27fc2769a1b78a27578f13a17b -> 
  custom:video-decoder-webm-vp8: 9c59270c3fd7afecdb556c50c9e8de78 -> 
  custom:AudioImporter_EditorPlatform: d09bf68614088b80899f8185d706f6e7 -> 
  custom:video-encoder-webm-vp8: eb34c28f22e8b96e1ab97ce403110664 -> 
  custom:audio-decoder-ogg-vorbis: bf7c407c2cedff20999df2af8eb42d56 -> 
  custom:audio-encoder-webm-vorbis: bf7c407c2cedff20999df2af8eb42d56 -> 
========================================================================
Received Import Request.
  Time since last request: 30689.718787 seconds.
  path: Assets/OriginalSources/Texters/LiveTool
  artifactKey: Guid(1f69b8e9380ab664ab5332c3b870cae9) Importer(815301076,1909f56bfc062723c751e8b465ee728b)
Start importing Assets/OriginalSources/Texters/LiveTool using Guid(1f69b8e9380ab664ab5332c3b870cae9) Importer(815301076,1909f56bfc062723c751e8b465ee728b)  -> (artifact id: 'cf3dc62e730d8532dde5e0d8e925ba48') in 0.002013 seconds
Number of updated asset objects reloaded before import = 0
Number of asset objects unloaded after import = 0
========================================================================
Received Import Request.
  Time since last request: 61.571245 seconds.
  path: Assets/ExternalSources/LiveTool/AdvTex.png
  artifactKey: Guid(f64ca72bfc44b3444a47f517ce468bbd) Importer(815301076,1909f56bfc062723c751e8b465ee728b)
Start importing Assets/ExternalSources/LiveTool/AdvTex.png using Guid(f64ca72bfc44b3444a47f517ce468bbd) Importer(815301076,1909f56bfc062723c751e8b465ee728b)  -> (artifact id: '0c54909c5e9c503118f69daefa67f2a5') in 0.066529 seconds
Number of updated asset objects reloaded before import = 0
Number of asset objects unloaded after import = 2
========================================================================
Received Import Request.
  Time since last request: 0.000027 seconds.
  path: Assets/ExternalSources/LiveTool/Information.png
  artifactKey: Guid(48c14b31d5cc82e408b1be6fa94405cd) Importer(815301076,1909f56bfc062723c751e8b465ee728b)
Start importing Assets/ExternalSources/LiveTool/Information.png using Guid(48c14b31d5cc82e408b1be6fa94405cd) Importer(815301076,1909f56bfc062723c751e8b465ee728b)  -> (artifact id: '275f9cca0d204a90b11a83bc8421a0ce') in 0.025197 seconds
Number of updated asset objects reloaded before import = 0
Number of asset objects unloaded after import = 2
========================================================================
Received Import Request.
  Time since last request: 0.000027 seconds.
  path: Assets/ExternalSources/LiveTool/Back3.png
  artifactKey: Guid(a81b4389e03027b4889c580ece93b0d0) Importer(815301076,1909f56bfc062723c751e8b465ee728b)
Start importing Assets/ExternalSources/LiveTool/Back3.png using Guid(a81b4389e03027b4889c580ece93b0d0) Importer(815301076,1909f56bfc062723c751e8b465ee728b)  -> (artifact id: '3544a5ccaebef39402efb3fdc56185e4') in 0.023948 seconds
Number of updated asset objects reloaded before import = 0
Number of asset objects unloaded after import = 2
========================================================================
Received Import Request.
  Time since last request: 0.000027 seconds.
  path: Assets/ExternalSources/LiveTool/Buttons2.png
  artifactKey: Guid(f5ada4aad98144442b66ff2c428d8937) Importer(815301076,1909f56bfc062723c751e8b465ee728b)
Start importing Assets/ExternalSources/LiveTool/Buttons2.png using Guid(f5ada4aad98144442b66ff2c428d8937) Importer(815301076,1909f56bfc062723c751e8b465ee728b)  -> (artifact id: 'a3f2342094c7199c920fa48661291665') in 0.019537 seconds
Number of updated asset objects reloaded before import = 0
Number of asset objects unloaded after import = 2
========================================================================
Received Import Request.
  Time since last request: 0.000017 seconds.
  path: Assets/ExternalSources/LiveTool/Vlume2.png
  artifactKey: Guid(93172137a0b3954459d41a38156dfd3a) Importer(815301076,1909f56bfc062723c751e8b465ee728b)
Start importing Assets/ExternalSources/LiveTool/Vlume2.png using Guid(93172137a0b3954459d41a38156dfd3a) Importer(815301076,1909f56bfc062723c751e8b465ee728b)  -> (artifact id: '6cd7b6505e367f0544e5ad2f4345ee81') in 0.016833 seconds
Number of updated asset objects reloaded before import = 0
Number of asset objects unloaded after import = 2
========================================================================
Received Import Request.
  Time since last request: 0.000019 seconds.
  path: Assets/ExternalSources/LiveTool/ProfileTex.png
  artifactKey: Guid(ef08341a8f59ddc4da215b3d20e45840) Importer(815301076,1909f56bfc062723c751e8b465ee728b)
Start importing Assets/ExternalSources/LiveTool/ProfileTex.png using Guid(ef08341a8f59ddc4da215b3d20e45840) Importer(815301076,1909f56bfc062723c751e8b465ee728b)  -> (artifact id: '92902f7c6eace2ab52cd928d9dc28501') in 0.016767 seconds
Number of updated asset objects reloaded before import = 0
Number of asset objects unloaded after import = 2
========================================================================
Received Import Request.
  Time since last request: 0.000023 seconds.
  path: Assets/ExternalSources/LiveTool/Buttons1.png
  artifactKey: Guid(e0273ac2407f39049a74f39e51c266e9) Importer(815301076,1909f56bfc062723c751e8b465ee728b)
Start importing Assets/ExternalSources/LiveTool/Buttons1.png using Guid(e0273ac2407f39049a74f39e51c266e9) Importer(815301076,1909f56bfc062723c751e8b465ee728b)  -> (artifact id: '43cfcac6d5826e055417b7807aac970e') in 0.017243 seconds
Number of updated asset objects reloaded before import = 0
Number of asset objects unloaded after import = 2
========================================================================
Received Import Request.
  Time since last request: 0.000032 seconds.
  path: Assets/ExternalSources/LiveTool/Buttons3.png
  artifactKey: Guid(8a04a04427593e54fb36ceaa97fbfe98) Importer(815301076,1909f56bfc062723c751e8b465ee728b)
Start importing Assets/ExternalSources/LiveTool/Buttons3.png using Guid(8a04a04427593e54fb36ceaa97fbfe98) Importer(815301076,1909f56bfc062723c751e8b465ee728b)  -> (artifact id: '89a721284f983e227304695e9e12ba5a') in 0.026104 seconds
Number of updated asset objects reloaded before import = 0
Number of asset objects unloaded after import = 2
========================================================================
Received Import Request.
  Time since last request: 0.000044 seconds.
  path: Assets/ExternalSources/LiveTool/CommectBack.png
  artifactKey: Guid(e32b28be163f3dd43aa052ce88fae59b) Importer(815301076,1909f56bfc062723c751e8b465ee728b)
Start importing Assets/ExternalSources/LiveTool/CommectBack.png using Guid(e32b28be163f3dd43aa052ce88fae59b) Importer(815301076,1909f56bfc062723c751e8b465ee728b)  -> (artifact id: 'f2ab2cb5ac67fe9bf9f534bfcff3b80f') in 0.019661 seconds
Number of updated asset objects reloaded before import = 0
Number of asset objects unloaded after import = 2
========================================================================
Received Import Request.
  Time since last request: 0.000022 seconds.
  path: Assets/ExternalSources/LiveTool/Information2.png
  artifactKey: Guid(2db9a154100ac0f4f85bb4e8547d13f5) Importer(815301076,1909f56bfc062723c751e8b465ee728b)
Start importing Assets/ExternalSources/LiveTool/Information2.png using Guid(2db9a154100ac0f4f85bb4e8547d13f5) Importer(815301076,1909f56bfc062723c751e8b465ee728b)  -> (artifact id: 'fd91cb8703fce63b65319a0db266a635') in 0.013359 seconds
Number of updated asset objects reloaded before import = 0
Number of asset objects unloaded after import = 2
========================================================================
Received Import Request.
  Time since last request: 0.000018 seconds.
  path: Assets/ExternalSources/LiveTool/Vlume.png
  artifactKey: Guid(546d3122ad36aec46bc99bfb9e1c652e) Importer(815301076,1909f56bfc062723c751e8b465ee728b)
Start importing Assets/ExternalSources/LiveTool/Vlume.png using Guid(546d3122ad36aec46bc99bfb9e1c652e) Importer(815301076,1909f56bfc062723c751e8b465ee728b)  -> (artifact id: 'a09f30375eae5cb54d6c1bcff5587855') in 0.012715 seconds
Number of updated asset objects reloaded before import = 0
Number of asset objects unloaded after import = 2
========================================================================
Received Import Request.
  Time since last request: 0.000029 seconds.
  path: Assets/ExternalSources/LiveTool/WhiteBack.png
  artifactKey: Guid(885b1f7c98da8af4ab63a7b338e66f33) Importer(815301076,1909f56bfc062723c751e8b465ee728b)
Start importing Assets/ExternalSources/LiveTool/WhiteBack.png using Guid(885b1f7c98da8af4ab63a7b338e66f33) Importer(815301076,1909f56bfc062723c751e8b465ee728b)  -> (artifact id: 'a7009388c67aa6c103de1067fb0f753e') in 0.012918 seconds
Number of updated asset objects reloaded before import = 0
Number of asset objects unloaded after import = 2
========================================================================
Received Import Request.
  Time since last request: 0.000017 seconds.
  path: Assets/ExternalSources/LiveTool/OptionIcon.png
  artifactKey: Guid(2ed4cbdda05075845ae75cead3bc693a) Importer(815301076,1909f56bfc062723c751e8b465ee728b)
Start importing Assets/ExternalSources/LiveTool/OptionIcon.png using Guid(2ed4cbdda05075845ae75cead3bc693a) Importer(815301076,1909f56bfc062723c751e8b465ee728b)  -> (artifact id: 'c8cb081e48c045f808dfb7935a462ea4') in 0.014568 seconds
Number of updated asset objects reloaded before import = 0
Number of asset objects unloaded after import = 2
========================================================================
Received Import Request.
  Time since last request: 0.000026 seconds.
  path: Assets/ExternalSources/LiveTool/Sride.png
  artifactKey: Guid(f4b72ef850eedc34aba94a1cb65e6812) Importer(815301076,1909f56bfc062723c751e8b465ee728b)
Start importing Assets/ExternalSources/LiveTool/Sride.png using Guid(f4b72ef850eedc34aba94a1cb65e6812) Importer(815301076,1909f56bfc062723c751e8b465ee728b)  -> (artifact id: '45b679b9841ac7a9cb8b0b1bc471f69e') in 0.015990 seconds
Number of updated asset objects reloaded before import = 0
Number of asset objects unloaded after import = 2
========================================================================
Received Import Request.
  Time since last request: 0.000016 seconds.
  path: Assets/ExternalSources/LiveTool/ProfileBackButton.png
  artifactKey: Guid(e0854fe59a2647d4d83b220cc04ae21e) Importer(815301076,1909f56bfc062723c751e8b465ee728b)
Start importing Assets/ExternalSources/LiveTool/ProfileBackButton.png using Guid(e0854fe59a2647d4d83b220cc04ae21e) Importer(815301076,1909f56bfc062723c751e8b465ee728b)  -> (artifact id: '915dc4027e3395780a7ca680cd1a66e3') in 0.013494 seconds
Number of updated asset objects reloaded before import = 0
Number of asset objects unloaded after import = 2
========================================================================
Received Import Request.
  Time since last request: 0.000019 seconds.
  path: Assets/ExternalSources/LiveTool/SlideButton1.png
  artifactKey: Guid(8f4f677bf0017474eb4cb3264e176994) Importer(815301076,1909f56bfc062723c751e8b465ee728b)
Start importing Assets/ExternalSources/LiveTool/SlideButton1.png using Guid(8f4f677bf0017474eb4cb3264e176994) Importer(815301076,1909f56bfc062723c751e8b465ee728b)  -> (artifact id: '9870d7790616898e5aa818332d605918') in 0.004575 seconds
Number of updated asset objects reloaded before import = 0
Number of asset objects unloaded after import = 2
========================================================================
Received Import Request.
  Time since last request: 23.262644 seconds.
  path: Assets/ExternalSources/LiveTool/Back3.png
  artifactKey: Guid(a81b4389e03027b4889c580ece93b0d0) Importer(815301076,1909f56bfc062723c751e8b465ee728b)
Start importing Assets/ExternalSources/LiveTool/Back3.png using Guid(a81b4389e03027b4889c580ece93b0d0) Importer(815301076,1909f56bfc062723c751e8b465ee728b)  -> (artifact id: '22642a9df52f59c8b342ba09cadf4d6b') in 0.061217 seconds
Number of updated asset objects reloaded before import = 0
Number of asset objects unloaded after import = 3
========================================================================
Received Import Request.
  Time since last request: 0.000024 seconds.
  path: Assets/ExternalSources/LiveTool/Information.png
  artifactKey: Guid(48c14b31d5cc82e408b1be6fa94405cd) Importer(815301076,1909f56bfc062723c751e8b465ee728b)
Start importing Assets/ExternalSources/LiveTool/Information.png using Guid(48c14b31d5cc82e408b1be6fa94405cd) Importer(815301076,1909f56bfc062723c751e8b465ee728b)  -> (artifact id: 'aeddbac5bd8801b784ee9caf124bb03a') in 0.027462 seconds
Number of updated asset objects reloaded before import = 0
Number of asset objects unloaded after import = 3
========================================================================
Received Import Request.
  Time since last request: 0.000027 seconds.
  path: Assets/ExternalSources/LiveTool/OptionIcon2.png
  artifactKey: Guid(6b543d6800201c64394f7580987ee278) Importer(815301076,1909f56bfc062723c751e8b465ee728b)
Start importing Assets/ExternalSources/LiveTool/OptionIcon2.png using Guid(6b543d6800201c64394f7580987ee278) Importer(815301076,1909f56bfc062723c751e8b465ee728b)  -> (artifact id: '7dbe9eaf64ffb97badb66d6c89c66994') in 0.046425 seconds
Number of updated asset objects reloaded before import = 0
Number of asset objects unloaded after import = 3
========================================================================
Received Import Request.
  Time since last request: 0.000020 seconds.
  path: Assets/ExternalSources/LiveTool/Buttons3.png
  artifactKey: Guid(8a04a04427593e54fb36ceaa97fbfe98) Importer(815301076,1909f56bfc062723c751e8b465ee728b)
Start importing Assets/ExternalSources/LiveTool/Buttons3.png using Guid(8a04a04427593e54fb36ceaa97fbfe98) Importer(815301076,1909f56bfc062723c751e8b465ee728b)  -> (artifact id: '01619aac207c96a74dd3f5b49a94e26a') in 0.040391 seconds
Number of updated asset objects reloaded before import = 0
Number of asset objects unloaded after import = 3
========================================================================
Received Import Request.
  Time since last request: 0.000015 seconds.
  path: Assets/ExternalSources/LiveTool/Information2.png
  artifactKey: Guid(2db9a154100ac0f4f85bb4e8547d13f5) Importer(815301076,1909f56bfc062723c751e8b465ee728b)
Start importing Assets/ExternalSources/LiveTool/Information2.png using Guid(2db9a154100ac0f4f85bb4e8547d13f5) Importer(815301076,1909f56bfc062723c751e8b465ee728b)  -> (artifact id: '97bd6ae8eb76a11234e3918dce7385b6') in 0.017855 seconds
Number of updated asset objects reloaded before import = 0
Number of asset objects unloaded after import = 3
========================================================================
Received Import Request.
  Time since last request: 0.000013 seconds.
  path: Assets/ExternalSources/LiveTool/TouchEffectMotion.png
  artifactKey: Guid(d11bcf4890813d44095593f6661db11b) Importer(815301076,1909f56bfc062723c751e8b465ee728b)
Start importing Assets/ExternalSources/LiveTool/TouchEffectMotion.png using Guid(d11bcf4890813d44095593f6661db11b) Importer(815301076,1909f56bfc062723c751e8b465ee728b)  -> (artifact id: '4289c3d6f7588fba795f56bdd18716a2') in 0.017550 seconds
Number of updated asset objects reloaded before import = 0
Number of asset objects unloaded after import = 3
========================================================================
Received Import Request.
  Time since last request: 0.000016 seconds.
  path: Assets/ExternalSources/LiveTool/UIButtonAd.png
  artifactKey: Guid(579c04a4329306245a617c3fc928a40c) Importer(815301076,1909f56bfc062723c751e8b465ee728b)
Start importing Assets/ExternalSources/LiveTool/UIButtonAd.png using Guid(579c04a4329306245a617c3fc928a40c) Importer(815301076,1909f56bfc062723c751e8b465ee728b)  -> (artifact id: '5b2ae472a956e2324b6446b1a069a7e7') in 0.016559 seconds
Number of updated asset objects reloaded before import = 0
Number of asset objects unloaded after import = 3
