Using pre-set license
Built from '2022.3/staging' branch; Version is '2022.3.3f1 (7cdc2969a641) revision 8182825'; Using compiler version '192829333'; Build Type 'Release'
OS: 'Windows 11  (10.0.22621) 64bit Core' Language: 'ja' Physical Memory: 65294 MB
BatchMode: 1, IsHumanControllingUs: 0, StartBugReporterOnCrash: 0, Is64bit: 1, IsPro: 1

COMMAND LINE ARGUMENTS:
C:\Program Files\Unity\Hub\Editor\2022.3.3f1\Editor\Unity.exe
-adb2
-batchMode
-noUpm
-name
AssetImportWorker1
-projectPath
C:/BackUP/Vtuber配信ソフト計画_files/配信用アプリ保存/Liver Application 1
-logFile
Logs/AssetImportWorker1.log
-srvPort
55369
Successfully changed project path to: C:/BackUP/Vtuber配信ソフト計画_files/配信用アプリ保存/Liver Application 1
C:/BackUP/Vtuber配信ソフト計画_files/配信用アプリ保存/Liver Application 1
[UnityMemory] Configuration Parameters - Can be set up in boot.config
    "memorysetup-bucket-allocator-granularity=16"
    "memorysetup-bucket-allocator-bucket-count=8"
    "memorysetup-bucket-allocator-block-size=33554432"
    "memorysetup-bucket-allocator-block-count=8"
    "memorysetup-main-allocator-block-size=16777216"
    "memorysetup-thread-allocator-block-size=16777216"
    "memorysetup-gfx-main-allocator-block-size=16777216"
    "memorysetup-gfx-thread-allocator-block-size=16777216"
    "memorysetup-cache-allocator-block-size=4194304"
    "memorysetup-typetree-allocator-block-size=2097152"
    "memorysetup-profiler-bucket-allocator-granularity=16"
    "memorysetup-profiler-bucket-allocator-bucket-count=8"
    "memorysetup-profiler-bucket-allocator-block-size=33554432"
    "memorysetup-profiler-bucket-allocator-block-count=8"
    "memorysetup-profiler-allocator-block-size=16777216"
    "memorysetup-profiler-editor-allocator-block-size=1048576"
    "memorysetup-temp-allocator-size-main=16777216"
    "memorysetup-job-temp-allocator-block-size=2097152"
    "memorysetup-job-temp-allocator-block-size-background=1048576"
    "memorysetup-job-temp-allocator-reduction-small-platforms=262144"
    "memorysetup-allocator-temp-initial-block-size-main=262144"
    "memorysetup-allocator-temp-initial-block-size-worker=262144"
    "memorysetup-temp-allocator-size-background-worker=32768"
    "memorysetup-temp-allocator-size-job-worker=262144"
    "memorysetup-temp-allocator-size-preload-manager=33554432"
    "memorysetup-temp-allocator-size-nav-mesh-worker=65536"
    "memorysetup-temp-allocator-size-audio-worker=65536"
    "memorysetup-temp-allocator-size-cloud-worker=32768"
    "memorysetup-temp-allocator-size-gi-baking-worker=262144"
    "memorysetup-temp-allocator-size-gfx=262144"
Player connection [6788] Host "[IP] 172.18.192.1 [Port] 0 [Flags] 2 [Guid] 1697605666 [EditorId] 1697605666 [Version] 1048832 [Id] WindowsEditor(7,DesktopKohei) [Debug] 1 [PackageName] WindowsEditor [ProjectName] Editor" joined multi-casting on [225.0.0.222:54997]...

Player connection [6788] Host "[IP] 172.18.192.1 [Port] 0 [Flags] 2 [Guid] 1697605666 [EditorId] 1697605666 [Version] 1048832 [Id] WindowsEditor(7,DesktopKohei) [Debug] 1 [PackageName] WindowsEditor [ProjectName] Editor" joined alternative multi-casting on [225.0.0.222:34997]...

Refreshing native plugins compatible for Editor in 4.60 ms, found 3 plugins.
Preloading 0 native plugins for Editor in 0.00 ms.
Initialize engine version: 2022.3.3f1 (7cdc2969a641)
[Subsystems] Discovering subsystems at path C:/Program Files/Unity/Hub/Editor/2022.3.3f1/Editor/Data/Resources/UnitySubsystems
[Subsystems] Discovering subsystems at path C:/BackUP/Vtuber配信ソフト計画_files/配信用アプリ保存/Liver Application 1/Assets
GfxDevice: creating device client; threaded=0; jobified=0
Direct3D:
    Version:  Direct3D 11.0 [level 11.1]
    Renderer: NVIDIA GeForce RTX 2060 (ID=0x1f03)
    Vendor:   NVIDIA
    VRAM:     12075 MB
    Driver:   31.0.15.3640
Initialize mono
Mono path[0] = 'C:/Program Files/Unity/Hub/Editor/2022.3.3f1/Editor/Data/Managed'
Mono path[1] = 'C:/Program Files/Unity/Hub/Editor/2022.3.3f1/Editor/Data/MonoBleedingEdge/lib/mono/unityjit-win32'
Mono config path = 'C:/Program Files/Unity/Hub/Editor/2022.3.3f1/Editor/Data/MonoBleedingEdge/etc'
Using monoOptions --debugger-agent=transport=dt_socket,embedding=1,server=y,suspend=n,address=127.0.0.1:56912
Begin MonoManager ReloadAssembly
Registering precompiled unity dll's ...
Register platform support module: C:/Program Files/Unity/Hub/Editor/2022.3.3f1/Editor/Data/PlaybackEngines/WebGLSupport/UnityEditor.WebGL.Extensions.dll
Register platform support module: C:/Program Files/Unity/Hub/Editor/2022.3.3f1/Editor/Data/PlaybackEngines/AndroidPlayer/UnityEditor.Android.Extensions.dll
Register platform support module: C:/Program Files/Unity/Hub/Editor/2022.3.3f1/Editor/Data/PlaybackEngines/iOSSupport/UnityEditor.iOS.Extensions.dll
Register platform support module: C:/Program Files/Unity/Hub/Editor/2022.3.3f1/Editor/Data/PlaybackEngines/WindowsStandaloneSupport/UnityEditor.WindowsStandalone.Extensions.dll
Registered in 0.006235 seconds.
- Loaded All Assemblies, in  0.360 seconds
Native extension for WindowsStandalone target not found
[usbmuxd] Start listen thread
[usbmuxd] Listen thread started
Native extension for iOS target not found
Native extension for Android target not found
Android Extension - Scanning For ADB Devices 205 ms
Native extension for WebGL target not found
Mono: successfully reloaded assembly
- Finished resetting the current domain, in  0.481 seconds
Domain Reload Profiling: 840ms
	BeginReloadAssembly (104ms)
		ExecutionOrderSort (0ms)
		DisableScriptedObjects (0ms)
		BackupInstance (0ms)
		ReleaseScriptingObjects (0ms)
		CreateAndSetChildDomain (1ms)
	RebuildCommonClasses (37ms)
	RebuildNativeTypeToScriptingClass (7ms)
	initialDomainReloadingComplete (50ms)
	LoadAllAssembliesAndSetupDomain (161ms)
		LoadAssemblies (105ms)
		RebuildTransferFunctionScriptingTraits (0ms)
		AnalyzeDomain (154ms)
			TypeCache.Refresh (153ms)
				TypeCache.ScanAssembly (138ms)
			ScanForSourceGeneratedMonoScriptInfo (0ms)
			ResolveRequiredComponents (1ms)
	FinalizeReload (481ms)
		ReleaseScriptCaches (0ms)
		RebuildScriptCaches (0ms)
		SetupLoadedEditorAssemblies (434ms)
			LogAssemblyErrors (0ms)
			InitializePlatformSupportModulesInManaged (314ms)
			SetLoadedEditorAssemblies (3ms)
			RefreshPlugins (0ms)
			BeforeProcessingInitializeOnLoad (2ms)
			ProcessInitializeOnLoadAttributes (80ms)
			ProcessInitializeOnLoadMethodAttributes (36ms)
			AfterProcessingInitializeOnLoad (0ms)
			EditorAssembliesLoaded (0ms)
		ExecutionOrderSort2 (0ms)
		AwakeInstancesAfterBackupRestoration (0ms)
========================================================================
Worker process is ready to serve import requests
Begin MonoManager ReloadAssembly
Symbol file LoadedFromMemory doesn't match image C:\BackUP\Vtuber配信ソフト計画_files\配信用アプリ保存\Liver Application 1\Library\PackageCache\com.unity.visualscripting@1.8.0\Editor\VisualScripting.Core\Dependencies\YamlDotNet\Unity.VisualScripting.YamlDotNet.dll
Symbol file LoadedFromMemory doesn't match image C:\BackUP\Vtuber配信ソフト計画_files\配信用アプリ保存\Liver Application 1\Library\PackageCache\com.unity.visualscripting@1.8.0\Editor\VisualScripting.Core\Dependencies\DotNetZip\Unity.VisualScripting.IonicZip.dll
- Loaded All Assemblies, in  0.667 seconds
Refreshing native plugins compatible for Editor in 1.60 ms, found 3 plugins.
Native extension for WindowsStandalone target not found
Native extension for iOS target not found
Native extension for Android target not found
Native extension for WebGL target not found
Mono: successfully reloaded assembly
- Finished resetting the current domain, in  0.407 seconds
Domain Reload Profiling: 1073ms
	BeginReloadAssembly (89ms)
		ExecutionOrderSort (0ms)
		DisableScriptedObjects (4ms)
		BackupInstance (0ms)
		ReleaseScriptingObjects (0ms)
		CreateAndSetChildDomain (16ms)
	RebuildCommonClasses (22ms)
	RebuildNativeTypeToScriptingClass (7ms)
	initialDomainReloadingComplete (29ms)
	LoadAllAssembliesAndSetupDomain (518ms)
		LoadAssemblies (220ms)
		RebuildTransferFunctionScriptingTraits (0ms)
		AnalyzeDomain (337ms)
			TypeCache.Refresh (320ms)
				TypeCache.ScanAssembly (306ms)
			ScanForSourceGeneratedMonoScriptInfo (15ms)
			ResolveRequiredComponents (2ms)
	FinalizeReload (407ms)
		ReleaseScriptCaches (0ms)
		RebuildScriptCaches (0ms)
		SetupLoadedEditorAssemblies (282ms)
			LogAssemblyErrors (0ms)
			InitializePlatformSupportModulesInManaged (26ms)
			SetLoadedEditorAssemblies (3ms)
			RefreshPlugins (0ms)
			BeforeProcessingInitializeOnLoad (46ms)
			ProcessInitializeOnLoadAttributes (189ms)
			ProcessInitializeOnLoadMethodAttributes (14ms)
			AfterProcessingInitializeOnLoad (3ms)
			EditorAssembliesLoaded (0ms)
		ExecutionOrderSort2 (0ms)
		AwakeInstancesAfterBackupRestoration (4ms)
Launched and connected shader compiler UnityShaderCompiler.exe after 0.06 seconds
Refreshing native plugins compatible for Editor in 2.20 ms, found 3 plugins.
Preloading 0 native plugins for Editor in 0.00 ms.
Unloading 3067 Unused Serialized files (Serialized files now loaded: 0)
Unloading 31 unused Assets / (56.2 KB). Loaded Objects now: 3534.
Memory consumption went from 126.4 MB to 126.3 MB.
Total: 3.095100 ms (FindLiveObjects: 0.203900 ms CreateObjectMapping: 0.175500 ms MarkObjects: 2.622400 ms  DeleteObjects: 0.092300 ms)

AssetImportParameters requested are different than current active one (requested -> active):
  custom:container-demuxer-ogg: 62fdf1f143b41e24485cea50d1cbac27 -> 
  custom:video-decoder-ogg-theora: a1e56fd34408186e4bbccfd4996cb3dc -> 
  custom:framework-win-MediaFoundation: 216162199b28c13a410421893ffa2e32 -> 
  custom:container-demuxer-webm: 4f35f7cbe854078d1ac9338744f61a02 -> 
  custom:container-muxer-webm: aa71ff27fc2769a1b78a27578f13a17b -> 
  custom:video-decoder-webm-vp8: 9c59270c3fd7afecdb556c50c9e8de78 -> 
  custom:AudioImporter_EditorPlatform: d09bf68614088b80899f8185d706f6e7 -> 
  custom:video-encoder-webm-vp8: eb34c28f22e8b96e1ab97ce403110664 -> 
  custom:audio-decoder-ogg-vorbis: bf7c407c2cedff20999df2af8eb42d56 -> 
  custom:audio-encoder-webm-vorbis: bf7c407c2cedff20999df2af8eb42d56 -> 
========================================================================
Received Import Request.
  Time since last request: 30751.292848 seconds.
  path: Assets/ExternalSources/LiveTool/Back.png
  artifactKey: Guid(ba514f96d7daba8408b70cdaaea00c5d) Importer(815301076,1909f56bfc062723c751e8b465ee728b)
Start importing Assets/ExternalSources/LiveTool/Back.png using Guid(ba514f96d7daba8408b70cdaaea00c5d) Importer(815301076,1909f56bfc062723c751e8b465ee728b)  -> (artifact id: '70013f40a42e1ea88912dbf6c912e70c') in 0.078462 seconds
Number of updated asset objects reloaded before import = 0
Number of asset objects unloaded after import = 2
========================================================================
Received Import Request.
  Time since last request: 0.000024 seconds.
  path: Assets/ExternalSources/LiveTool/ListUpButton2.png
  artifactKey: Guid(e26790599633fc1478e8aca116e9f32e) Importer(815301076,1909f56bfc062723c751e8b465ee728b)
Start importing Assets/ExternalSources/LiveTool/ListUpButton2.png using Guid(e26790599633fc1478e8aca116e9f32e) Importer(815301076,1909f56bfc062723c751e8b465ee728b)  -> (artifact id: '4b9d83fe39699ea6e32b400a527c9872') in 0.022092 seconds
Number of updated asset objects reloaded before import = 0
Number of asset objects unloaded after import = 2
========================================================================
Received Import Request.
  Time since last request: 0.000024 seconds.
  path: Assets/ExternalSources/LiveTool/ResetButton.png
  artifactKey: Guid(d66cc8fcb55048848bd8bfb5d46cafc8) Importer(815301076,1909f56bfc062723c751e8b465ee728b)
Start importing Assets/ExternalSources/LiveTool/ResetButton.png using Guid(d66cc8fcb55048848bd8bfb5d46cafc8) Importer(815301076,1909f56bfc062723c751e8b465ee728b)  -> (artifact id: 'a6059becf13a14462f446de9b4487c85') in 0.021276 seconds
Number of updated asset objects reloaded before import = 0
Number of asset objects unloaded after import = 2
========================================================================
Received Import Request.
  Time since last request: 0.000023 seconds.
  path: Assets/ExternalSources/LiveTool/OptionIcon2.png
  artifactKey: Guid(6b543d6800201c64394f7580987ee278) Importer(815301076,1909f56bfc062723c751e8b465ee728b)
Start importing Assets/ExternalSources/LiveTool/OptionIcon2.png using Guid(6b543d6800201c64394f7580987ee278) Importer(815301076,1909f56bfc062723c751e8b465ee728b)  -> (artifact id: 'a4e2333d80f915b12439968f50e68c1d') in 0.018169 seconds
Number of updated asset objects reloaded before import = 0
Number of asset objects unloaded after import = 2
========================================================================
Received Import Request.
  Time since last request: 0.000031 seconds.
  path: Assets/ExternalSources/LiveTool/ListUpButton.png
  artifactKey: Guid(9f47b29d665256e4386a77c700eca88d) Importer(815301076,1909f56bfc062723c751e8b465ee728b)
Start importing Assets/ExternalSources/LiveTool/ListUpButton.png using Guid(9f47b29d665256e4386a77c700eca88d) Importer(815301076,1909f56bfc062723c751e8b465ee728b)  -> (artifact id: 'f034b277006a24819a6f3a982aa66198') in 0.018764 seconds
Number of updated asset objects reloaded before import = 0
Number of asset objects unloaded after import = 2
========================================================================
Received Import Request.
  Time since last request: 0.000023 seconds.
  path: Assets/ExternalSources/LiveTool/OptionBack.png
  artifactKey: Guid(2f6531c090da0944f9b902f78a11dbdd) Importer(815301076,1909f56bfc062723c751e8b465ee728b)
Start importing Assets/ExternalSources/LiveTool/OptionBack.png using Guid(2f6531c090da0944f9b902f78a11dbdd) Importer(815301076,1909f56bfc062723c751e8b465ee728b)  -> (artifact id: '0fbe20f3ce483f323df9122eb533c1e7') in 0.021147 seconds
Number of updated asset objects reloaded before import = 0
Number of asset objects unloaded after import = 2
========================================================================
Received Import Request.
  Time since last request: 0.000023 seconds.
  path: Assets/ExternalSources/LiveTool/Title.png
  artifactKey: Guid(574571b4bba041f498d96f1fb5a2c02a) Importer(815301076,1909f56bfc062723c751e8b465ee728b)
Start importing Assets/ExternalSources/LiveTool/Title.png using Guid(574571b4bba041f498d96f1fb5a2c02a) Importer(815301076,1909f56bfc062723c751e8b465ee728b)  -> (artifact id: '78e1e7d4dc21e93c7d23eaec24b55f1e') in 0.022382 seconds
Number of updated asset objects reloaded before import = 0
Number of asset objects unloaded after import = 2
========================================================================
Received Import Request.
  Time since last request: 0.000100 seconds.
  path: Assets/ExternalSources/LiveTool/Buttons4.png
  artifactKey: Guid(173e4a731ecded64891444c1e2164e3c) Importer(815301076,1909f56bfc062723c751e8b465ee728b)
Start importing Assets/ExternalSources/LiveTool/Buttons4.png using Guid(173e4a731ecded64891444c1e2164e3c) Importer(815301076,1909f56bfc062723c751e8b465ee728b)  -> (artifact id: '3eb5917d40d5399704305600a3416d49') in 0.021439 seconds
Number of updated asset objects reloaded before import = 0
Number of asset objects unloaded after import = 2
========================================================================
Received Import Request.
  Time since last request: 0.000023 seconds.
  path: Assets/ExternalSources/LiveTool/Layout.png
  artifactKey: Guid(fbaa40a609466c949a99c2c58c2029f1) Importer(815301076,1909f56bfc062723c751e8b465ee728b)
Start importing Assets/ExternalSources/LiveTool/Layout.png using Guid(fbaa40a609466c949a99c2c58c2029f1) Importer(815301076,1909f56bfc062723c751e8b465ee728b)  -> (artifact id: 'c3d73bbabaee91219b867cc8e9ed2d2e') in 0.015262 seconds
Number of updated asset objects reloaded before import = 0
Number of asset objects unloaded after import = 2
========================================================================
Received Import Request.
  Time since last request: 0.000034 seconds.
  path: Assets/ExternalSources/LiveTool/ListUpButton1.png
  artifactKey: Guid(240ee2fba87abc843ba70386e3efcaac) Importer(815301076,1909f56bfc062723c751e8b465ee728b)
Start importing Assets/ExternalSources/LiveTool/ListUpButton1.png using Guid(240ee2fba87abc843ba70386e3efcaac) Importer(815301076,1909f56bfc062723c751e8b465ee728b)  -> (artifact id: 'a7a26cdf2edcd4b7959d0e6eb5d96fd9') in 0.012914 seconds
Number of updated asset objects reloaded before import = 0
Number of asset objects unloaded after import = 2
========================================================================
Received Import Request.
  Time since last request: 0.000128 seconds.
  path: Assets/ExternalSources/LiveTool/Buttons5.png
  artifactKey: Guid(547ef7c2ca6c114468454f5542139734) Importer(815301076,1909f56bfc062723c751e8b465ee728b)
Start importing Assets/ExternalSources/LiveTool/Buttons5.png using Guid(547ef7c2ca6c114468454f5542139734) Importer(815301076,1909f56bfc062723c751e8b465ee728b)  -> (artifact id: '3b44e254f01e07ee39be1aaf0cda15af') in 0.017202 seconds
Number of updated asset objects reloaded before import = 0
Number of asset objects unloaded after import = 2
========================================================================
Received Import Request.
  Time since last request: 0.000022 seconds.
  path: Assets/ExternalSources/LiveTool/TouchEffectMotion.png
  artifactKey: Guid(d11bcf4890813d44095593f6661db11b) Importer(815301076,1909f56bfc062723c751e8b465ee728b)
Start importing Assets/ExternalSources/LiveTool/TouchEffectMotion.png using Guid(d11bcf4890813d44095593f6661db11b) Importer(815301076,1909f56bfc062723c751e8b465ee728b)  -> (artifact id: '8e3ce9dedd53596869c87d8a39f78695') in 0.016438 seconds
Number of updated asset objects reloaded before import = 0
Number of asset objects unloaded after import = 2
========================================================================
Received Import Request.
  Time since last request: 0.000030 seconds.
  path: Assets/ExternalSources/LiveTool/GreenBack.png
  artifactKey: Guid(bf86bf94ddf80a24b86a06c21405842b) Importer(815301076,1909f56bfc062723c751e8b465ee728b)
Start importing Assets/ExternalSources/LiveTool/GreenBack.png using Guid(bf86bf94ddf80a24b86a06c21405842b) Importer(815301076,1909f56bfc062723c751e8b465ee728b)  -> (artifact id: '53a2631d6e3edc005922dc4008733355') in 0.016193 seconds
Number of updated asset objects reloaded before import = 0
Number of asset objects unloaded after import = 2
========================================================================
Received Import Request.
  Time since last request: 0.000016 seconds.
  path: Assets/ExternalSources/LiveTool/UIButtonAd.png
  artifactKey: Guid(579c04a4329306245a617c3fc928a40c) Importer(815301076,1909f56bfc062723c751e8b465ee728b)
Start importing Assets/ExternalSources/LiveTool/UIButtonAd.png using Guid(579c04a4329306245a617c3fc928a40c) Importer(815301076,1909f56bfc062723c751e8b465ee728b)  -> (artifact id: '30ba8a9533997759f2f71936befe4e43') in 0.013489 seconds
Number of updated asset objects reloaded before import = 0
Number of asset objects unloaded after import = 2
========================================================================
Received Import Request.
  Time since last request: 0.000015 seconds.
  path: Assets/ExternalSources/LiveTool/Back4.png
  artifactKey: Guid(4f0fa8ac302237f4da29ee578902ebc7) Importer(815301076,1909f56bfc062723c751e8b465ee728b)
Start importing Assets/ExternalSources/LiveTool/Back4.png using Guid(4f0fa8ac302237f4da29ee578902ebc7) Importer(815301076,1909f56bfc062723c751e8b465ee728b)  -> (artifact id: 'de878e9c3e93feb3db137431199d5357') in 0.013250 seconds
Number of updated asset objects reloaded before import = 0
Number of asset objects unloaded after import = 2
========================================================================
Received Import Request.
  Time since last request: 23.254050 seconds.
  path: Assets/ExternalSources/LiveTool/Back4.png
  artifactKey: Guid(4f0fa8ac302237f4da29ee578902ebc7) Importer(815301076,1909f56bfc062723c751e8b465ee728b)
Start importing Assets/ExternalSources/LiveTool/Back4.png using Guid(4f0fa8ac302237f4da29ee578902ebc7) Importer(815301076,1909f56bfc062723c751e8b465ee728b)  -> (artifact id: 'dc0357088a10391d5a944e995931e886') in 0.061106 seconds
Number of updated asset objects reloaded before import = 0
Number of asset objects unloaded after import = 3
========================================================================
Received Import Request.
  Time since last request: 0.000013 seconds.
  path: Assets/ExternalSources/LiveTool/ListUpButton2.png
  artifactKey: Guid(e26790599633fc1478e8aca116e9f32e) Importer(815301076,1909f56bfc062723c751e8b465ee728b)
Start importing Assets/ExternalSources/LiveTool/ListUpButton2.png using Guid(e26790599633fc1478e8aca116e9f32e) Importer(815301076,1909f56bfc062723c751e8b465ee728b)  -> (artifact id: '569152b851eb651c6ee5a51fbfb8adbc') in 0.041662 seconds
Number of updated asset objects reloaded before import = 0
Number of asset objects unloaded after import = 3
========================================================================
Received Import Request.
  Time since last request: 0.000019 seconds.
  path: Assets/ExternalSources/LiveTool/ListUpButton.png
  artifactKey: Guid(9f47b29d665256e4386a77c700eca88d) Importer(815301076,1909f56bfc062723c751e8b465ee728b)
Start importing Assets/ExternalSources/LiveTool/ListUpButton.png using Guid(9f47b29d665256e4386a77c700eca88d) Importer(815301076,1909f56bfc062723c751e8b465ee728b)  -> (artifact id: '6bc11efb91e7e9b0a257bbf21bec90db') in 0.043540 seconds
Number of updated asset objects reloaded before import = 0
Number of asset objects unloaded after import = 3
========================================================================
Received Import Request.
  Time since last request: 0.000015 seconds.
  path: Assets/ExternalSources/LiveTool/Buttons4.png
  artifactKey: Guid(173e4a731ecded64891444c1e2164e3c) Importer(815301076,1909f56bfc062723c751e8b465ee728b)
Start importing Assets/ExternalSources/LiveTool/Buttons4.png using Guid(173e4a731ecded64891444c1e2164e3c) Importer(815301076,1909f56bfc062723c751e8b465ee728b)  -> (artifact id: '73e60ce4dd93e0b22ac0e2c59abdb828') in 0.037230 seconds
Number of updated asset objects reloaded before import = 0
Number of asset objects unloaded after import = 3
========================================================================
Received Import Request.
  Time since last request: 0.000015 seconds.
  path: Assets/ExternalSources/LiveTool/Vlume.png
  artifactKey: Guid(546d3122ad36aec46bc99bfb9e1c652e) Importer(815301076,1909f56bfc062723c751e8b465ee728b)
Start importing Assets/ExternalSources/LiveTool/Vlume.png using Guid(546d3122ad36aec46bc99bfb9e1c652e) Importer(815301076,1909f56bfc062723c751e8b465ee728b)  -> (artifact id: 'ab6435bad6f3aa752eb549358678630c') in 0.021657 seconds
Number of updated asset objects reloaded before import = 0
Number of asset objects unloaded after import = 3
========================================================================
Received Import Request.
  Time since last request: 0.000020 seconds.
  path: Assets/ExternalSources/LiveTool/GreenBack.png
  artifactKey: Guid(bf86bf94ddf80a24b86a06c21405842b) Importer(815301076,1909f56bfc062723c751e8b465ee728b)
Start importing Assets/ExternalSources/LiveTool/GreenBack.png using Guid(bf86bf94ddf80a24b86a06c21405842b) Importer(815301076,1909f56bfc062723c751e8b465ee728b)  -> (artifact id: '83a8e73cd03c56b1a4a4de6cfb1be656') in 0.014995 seconds
Number of updated asset objects reloaded before import = 0
Number of asset objects unloaded after import = 3
